<?xml version="1.0" encoding="UTF-8"?>
<!-- Generated by org.testng.reporters.JUnitReportReporter -->
<testsuite skipped="0" hostname="Adels-MacBook-Pro.local" name="Tests.BookARide" tests="1" failures="0" timestamp="13 Jun 2020 15:56:35 GMT" time="38.725" errors="0">
  <testcase name="BookRideTestCase" time="38.725" classname="Tests.BookARide"/>
</testsuite> <!-- Tests.BookARide -->
